Using pre-set license
Built from '2020.3/staging' branch; Version is '2020.3.14f1 (d0d1bb862f9d) revision 13685179'; Using compiler version '192528614'; Build Type 'Release'
OS: 'Windows 10 Home Single Language; OS build 19043.1110; Version 2009; 64bit' Language: 'en' Physical Memory: 16191 MB
BatchMode: 1, IsHumanControllingUs: 0, StartBugReporterOnCrash: 0, Is64bit: 1, IsPro: 0

 COMMAND LINE ARGUMENTS:
E:\UnityHub\2020.3.14f1\Editor\Unity.exe
-adb2
-batchMode
-noUpm
-name
AssetImportWorker0
-projectPath
D:/Study Material/PG/Unity/Racing Spectacular/Open-World-Racing/The Racing Spectacle
-logFile
Logs/AssetImportWorker0.log
-srvPort
62547
Successfully changed project path to: D:/Study Material/PG/Unity/Racing Spectacular/Open-World-Racing/The Racing Spectacle
D:/Study Material/PG/Unity/Racing Spectacular/Open-World-Racing/The Racing Spectacle
Using Asset Import Pipeline V2.
Refreshing native plugins compatible for Editor in 61.05 ms, found 2 plugins.
Preloading 0 native plugins for Editor in 0.00 ms.
Initialize engine version: 2020.3.14f1 (d0d1bb862f9d)
[Subsystems] Discovering subsystems at path E:/UnityHub/2020.3.14f1/Editor/Data/Resources/UnitySubsystems
[Subsystems] Discovering subsystems at path D:/Study Material/PG/Unity/Racing Spectacular/Open-World-Racing/The Racing Spectacle/Assets
GfxDevice: creating device client; threaded=0
Direct3D:
    Version:  Direct3D 11.0 [level 11.1]
    Renderer: NVIDIA GeForce GTX 1050 Ti (ID=0x1c8c)
    Vendor:   
    VRAM:     4019 MB
    Driver:   30.0.14.7111
Initialize mono
Mono path[0] = 'E:/UnityHub/2020.3.14f1/Editor/Data/Managed'
Mono path[1] = 'E:/UnityHub/2020.3.14f1/Editor/Data/MonoBleedingEdge/lib/mono/unityjit'
Mono config path = 'E:/UnityHub/2020.3.14f1/Editor/Data/MonoBleedingEdge/etc'
Using monoOptions --debugger-agent=transport=dt_socket,embedding=1,server=y,suspend=n,address=127.0.0.1:56688
Begin MonoManager ReloadAssembly
Registering precompiled unity dll's ...
Register platform support module: E:/UnityHub/2020.3.14f1/Editor/Data/PlaybackEngines/WindowsStandaloneSupport/UnityEditor.WindowsStandalone.Extensions.dll
Registered in 0.001440 seconds.
Native extension for WindowsStandalone target not found
Refreshing native plugins compatible for Editor in 59.13 ms, found 2 plugins.
Preloading 0 native plugins for Editor in 0.00 ms.
Mono: successfully reloaded assembly
- Completed reload, in  2.606 seconds
Domain Reload Profiling:
	ReloadAssembly (2606ms)
		BeginReloadAssembly (72ms)
			ExecutionOrderSort (0ms)
			DisableScriptedObjects (0ms)
			BackupInstance (0ms)
			ReleaseScriptingObjects (0ms)
			CreateAndSetChildDomain (1ms)
		EndReloadAssembly (414ms)
			LoadAssemblies (72ms)
			RebuildTransferFunctionScriptingTraits (0ms)
			SetupTypeCache (144ms)
			ReleaseScriptCaches (0ms)
			RebuildScriptCaches (30ms)
			SetupLoadedEditorAssemblies (175ms)
				LogAssemblyErrors (0ms)
				InitializePlatformSupportModulesInManaged (3ms)
				SetLoadedEditorAssemblies (0ms)
				RefreshPlugins (59ms)
				BeforeProcessingInitializeOnLoad (13ms)
				ProcessInitializeOnLoadAttributes (72ms)
				ProcessInitializeOnLoadMethodAttributes (26ms)
				AfterProcessingInitializeOnLoad (0ms)
				EditorAssembliesLoaded (0ms)
			ExecutionOrderSort2 (0ms)
			AwakeInstancesAfterBackupRestoration (0ms)
Platform modules already initialized, skipping
Registering precompiled user dll's ...
Registered in 0.005401 seconds.
Begin MonoManager ReloadAssembly
Native extension for WindowsStandalone target not found
Refreshing native plugins compatible for Editor in 0.77 ms, found 2 plugins.
Preloading 0 native plugins for Editor in 0.00 ms.
Mono: successfully reloaded assembly
- Completed reload, in  1.072 seconds
Domain Reload Profiling:
	ReloadAssembly (1073ms)
		BeginReloadAssembly (160ms)
			ExecutionOrderSort (0ms)
			DisableScriptedObjects (4ms)
			BackupInstance (0ms)
			ReleaseScriptingObjects (0ms)
			CreateAndSetChildDomain (17ms)
		EndReloadAssembly (852ms)
			LoadAssemblies (121ms)
			RebuildTransferFunctionScriptingTraits (0ms)
			SetupTypeCache (301ms)
			ReleaseScriptCaches (0ms)
			RebuildScriptCaches (52ms)
			SetupLoadedEditorAssemblies (294ms)
				LogAssemblyErrors (0ms)
				InitializePlatformSupportModulesInManaged (5ms)
				SetLoadedEditorAssemblies (0ms)
				RefreshPlugins (1ms)
				BeforeProcessingInitializeOnLoad (88ms)
				ProcessInitializeOnLoadAttributes (193ms)
				ProcessInitializeOnLoadMethodAttributes (4ms)
				AfterProcessingInitializeOnLoad (2ms)
				EditorAssembliesLoaded (0ms)
			ExecutionOrderSort2 (0ms)
			AwakeInstancesAfterBackupRestoration (6ms)
Platform modules already initialized, skipping
========================================================================
Worker process is ready to serve import requests
Launched and connected shader compiler UnityShaderCompiler.exe after 0.06 seconds
Refreshing native plugins compatible for Editor in 0.82 ms, found 2 plugins.
Preloading 0 native plugins for Editor in 0.00 ms.
Unloading 1524 Unused Serialized files (Serialized files now loaded: 0)
System memory in use before: 153.8 MB.
System memory in use after: 153.8 MB.

Unloading 19 unused Assets to reduce memory usage. Loaded Objects now: 1975.
Total: 2.350000 ms (FindLiveObjects: 0.192900 ms CreateObjectMapping: 0.042300 ms MarkObjects: 1.985700 ms  DeleteObjects: 0.127900 ms)

AssetImportParameters requested are different than current active one (requested -> active):
  custom:framework-win-MediaFoundation: 216162199b28c13a410421893ffa2e32 -> 
  custom:video-decoder-ogg-theora: a1e56fd34408186e4bbccfd4996cb3dc -> 
  custom:container-muxer-webm: aa71ff27fc2769a1b78a27578f13a17b -> 
  custom:container-demuxer-webm: 4f35f7cbe854078d1ac9338744f61a02 -> 
  custom:container-demuxer-ogg: 62fdf1f143b41e24485cea50d1cbac27 -> 
  custom:video-encoder-webm-vp8: eb34c28f22e8b96e1ab97ce403110664 -> 
  custom:video-codec-MediaFoundation-h265: 746d11721c4dcdbdad8f713fa42b33f4 -> 
  custom:video-decoder-webm-vp8: 9c59270c3fd7afecdb556c50c9e8de78 -> 
  custom:audio-decoder-ogg-vorbis: bf7c407c2cedff20999df2af8eb42d56 -> 
  custom:audio-encoder-webm-vorbis: bf7c407c2cedff20999df2af8eb42d56 -> 
========================================================================
Received Import Request.
  path: Assets/vehicles/chiron/chiron.prefab
  artifactKey: Guid(50e25194909aaec438821f5576bb5f2e) Importer(815301076,1909f56bfc062723c751e8b465ee728b)
Start importing Assets/vehicles/chiron/chiron.prefab using Guid(50e25194909aaec438821f5576bb5f2e) Importer(815301076,1909f56bfc062723c751e8b465ee728b)  -> (artifact id: '0bdcf634bff8c6d4707ed7bf0ee0b094') in 0.677673 seconds 
  Import took 0.717055 seconds .

========================================================================
Received Import Request.
  Time since last request: 7.611921 seconds.
  path: Assets/vehicles/chiron/Driver 2.controller
  artifactKey: Guid(2390fa19d827acc418c60877d8a71418) Importer(815301076,1909f56bfc062723c751e8b465ee728b)
Start importing Assets/vehicles/chiron/Driver 2.controller using Guid(2390fa19d827acc418c60877d8a71418) Importer(815301076,1909f56bfc062723c751e8b465ee728b)  -> (artifact id: '4726d22487451996514d682bafcd7ac6') in 0.009750 seconds 
  Import took 0.053221 seconds .

========================================================================
Received Import Request.
  Time since last request: 8.033351 seconds.
  path: Assets/vehicles/chiron/chiron.prefab
  artifactKey: Guid(50e25194909aaec438821f5576bb5f2e) Importer(815301076,1909f56bfc062723c751e8b465ee728b)
Start importing Assets/vehicles/chiron/chiron.prefab using Guid(50e25194909aaec438821f5576bb5f2e) Importer(815301076,1909f56bfc062723c751e8b465ee728b) The Animator Controller (Driver 2) you have used is not valid. Animations will not play
UnityEngine.StackTraceUtility:ExtractStackTrace ()
UnityEditor.EditorUtility:Internal_InstantiateRemoveAllNonAnimationComponentsSingle (UnityEngine.Object,UnityEngine.Vector3,UnityEngine.Quaternion)
UnityEditor.EditorUtility:InstantiateRemoveAllNonAnimationComponents (UnityEngine.Object,UnityEngine.Vector3,UnityEngine.Quaternion)
UnityEditor.EditorUtility:InstantiateForAnimatorPreview (UnityEngine.Object)
UnityEditor.GameObjectInspector/PreviewData:UpdateGameObject (UnityEngine.Object)
UnityEditor.GameObjectInspector/PreviewData:.ctor (UnityEngine.Object)
UnityEditor.GameObjectInspector:GetPreviewData ()
UnityEditor.GameObjectInspector:RenderStaticPreview (string,UnityEngine.Object[],int,int)
UnityEditor.AssetPreviewUpdater:CreatePreviewForAsset (UnityEngine.Object,UnityEngine.Object[],string)

[C:\buildslave\unity\build\Modules/Animation/Director/AnimatorControllerPlayable.cpp line 333]

The Animator Controller (Driver 2) you have used is not valid. Animations will not play
UnityEngine.StackTraceUtility:ExtractStackTrace ()
UnityEditor.EditorUtility:InitInstantiatedPreviewRecursive (UnityEngine.GameObject)
UnityEditor.EditorUtility:InstantiateForAnimatorPreview (UnityEngine.Object)
UnityEditor.GameObjectInspector/PreviewData:UpdateGameObject (UnityEngine.Object)
UnityEditor.GameObjectInspector/PreviewData:.ctor (UnityEngine.Object)
UnityEditor.GameObjectInspector:GetPreviewData ()
UnityEditor.GameObjectInspector:RenderStaticPreview (string,UnityEngine.Object[],int,int)
UnityEditor.AssetPreviewUpdater:CreatePreviewForAsset (UnityEngine.Object,UnityEngine.Object[],string)

[C:\buildslave\unity\build\Modules/Animation/Director/AnimatorControllerPlayable.cpp line 333]

 -> (artifact id: '340110cc8d040a6dfa204310a3c37b57') in 0.108840 seconds 
  Import took 0.133341 seconds .

========================================================================
Received Import Request.
  Time since last request: 43.983561 seconds.
  path: Assets/vehicles/chiron/chiron.prefab
  artifactKey: Guid(50e25194909aaec438821f5576bb5f2e) Importer(815301076,1909f56bfc062723c751e8b465ee728b)
Start importing Assets/vehicles/chiron/chiron.prefab using Guid(50e25194909aaec438821f5576bb5f2e) Importer(815301076,1909f56bfc062723c751e8b465ee728b)  -> (artifact id: '35931124781e3844a78820dacb7f5a5f') in 0.039822 seconds 
  Import took 0.140077 seconds .

========================================================================
Received Import Request.
  Time since last request: 1300.719793 seconds.
  path: Assets/vehicles/chiron/chiron.prefab
  artifactKey: Guid(50e25194909aaec438821f5576bb5f2e) Importer(815301076,1909f56bfc062723c751e8b465ee728b)
Start importing Assets/vehicles/chiron/chiron.prefab using Guid(50e25194909aaec438821f5576bb5f2e) Importer(815301076,1909f56bfc062723c751e8b465ee728b)  -> (artifact id: '933876fe7d6a207a343b6dc372015cc8') in 0.096218 seconds 
  Import took 0.148313 seconds .

========================================================================
Received Import Request.
  Time since last request: 4.158578 seconds.
  path: Assets/vehicles/chiron/chiron.prefab
  artifactKey: Guid(50e25194909aaec438821f5576bb5f2e) Importer(815301076,1909f56bfc062723c751e8b465ee728b)
Start importing Assets/vehicles/chiron/chiron.prefab using Guid(50e25194909aaec438821f5576bb5f2e) Importer(815301076,1909f56bfc062723c751e8b465ee728b)  -> (artifact id: '0b0a9f00dcdb40abbfdfb2638f42c6c1') in 0.108841 seconds 
  Import took 0.152250 seconds .

========================================================================
Received Import Request.
  Time since last request: 12.831680 seconds.
  path: Assets/vehicles/chiron/chiron.prefab
  artifactKey: Guid(50e25194909aaec438821f5576bb5f2e) Importer(815301076,1909f56bfc062723c751e8b465ee728b)
Start importing Assets/vehicles/chiron/chiron.prefab using Guid(50e25194909aaec438821f5576bb5f2e) Importer(815301076,1909f56bfc062723c751e8b465ee728b)  -> (artifact id: '8b85074b06b59b985e5a1dcd53ef32fa') in 0.082239 seconds 
  Import took 0.158244 seconds .

========================================================================
Received Import Request.
  Time since last request: 6.764024 seconds.
  path: Assets/vehicles/chiron/chiron.prefab
  artifactKey: Guid(50e25194909aaec438821f5576bb5f2e) Importer(815301076,1909f56bfc062723c751e8b465ee728b)
Start importing Assets/vehicles/chiron/chiron.prefab using Guid(50e25194909aaec438821f5576bb5f2e) Importer(815301076,1909f56bfc062723c751e8b465ee728b)  -> (artifact id: 'aea2f5e6a8bbd9aebb666ac094094ed5') in 0.095715 seconds 
  Import took 0.122674 seconds .

========================================================================
Received Import Request.
  Time since last request: 0.272810 seconds.
  path: Assets/vehicles/chiron/chiron.prefab
  artifactKey: Guid(50e25194909aaec438821f5576bb5f2e) Importer(815301076,1909f56bfc062723c751e8b465ee728b)
Start importing Assets/vehicles/chiron/chiron.prefab using Guid(50e25194909aaec438821f5576bb5f2e) Importer(815301076,1909f56bfc062723c751e8b465ee728b)  -> (artifact id: '7281cbf45dcf8aca427eab739dd8bd98') in 0.079134 seconds 
  Import took 0.098033 seconds .

========================================================================
Received Import Request.
  Time since last request: 18.898190 seconds.
  path: Assets/vehicles/chiron/chiron.prefab
  artifactKey: Guid(50e25194909aaec438821f5576bb5f2e) Importer(815301076,1909f56bfc062723c751e8b465ee728b)
Start importing Assets/vehicles/chiron/chiron.prefab using Guid(50e25194909aaec438821f5576bb5f2e) Importer(815301076,1909f56bfc062723c751e8b465ee728b)  -> (artifact id: '909ced193acfa3c010be95294f2f2baa') in 0.082890 seconds 
  Import took 0.108649 seconds .

========================================================================
Received Prepare
Registering precompiled user dll's ...
Registered in 0.004902 seconds.
Begin MonoManager ReloadAssembly
Native extension for WindowsStandalone target not found
Refreshing native plugins compatible for Editor in 0.69 ms, found 2 plugins.
Preloading 0 native plugins for Editor in 0.00 ms.
Mono: successfully reloaded assembly
- Completed reload, in  0.910 seconds
Domain Reload Profiling:
	ReloadAssembly (910ms)
		BeginReloadAssembly (132ms)
			ExecutionOrderSort (0ms)
			DisableScriptedObjects (4ms)
			BackupInstance (0ms)
			ReleaseScriptingObjects (0ms)
			CreateAndSetChildDomain (33ms)
		EndReloadAssembly (725ms)
			LoadAssemblies (104ms)
			RebuildTransferFunctionScriptingTraits (0ms)
			SetupTypeCache (254ms)
			ReleaseScriptCaches (1ms)
			RebuildScriptCaches (38ms)
			SetupLoadedEditorAssemblies (258ms)
				LogAssemblyErrors (0ms)
				InitializePlatformSupportModulesInManaged (4ms)
				SetLoadedEditorAssemblies (0ms)
				RefreshPlugins (1ms)
				BeforeProcessingInitializeOnLoad (72ms)
				ProcessInitializeOnLoadAttributes (173ms)
				ProcessInitializeOnLoadMethodAttributes (4ms)
				AfterProcessingInitializeOnLoad (2ms)
				EditorAssembliesLoaded (0ms)
			ExecutionOrderSort2 (0ms)
			AwakeInstancesAfterBackupRestoration (6ms)
Platform modules already initialized, skipping
Refreshing native plugins compatible for Editor in 0.71 ms, found 2 plugins.
Preloading 0 native plugins for Editor in 0.00 ms.
Unloading 1491 Unused Serialized files (Serialized files now loaded: 0)
System memory in use before: 168.2 MB.
System memory in use after: 168.3 MB.

Unloading 14 unused Assets to reduce memory usage. Loaded Objects now: 1987.
Total: 2.254100 ms (FindLiveObjects: 0.153600 ms CreateObjectMapping: 0.041700 ms MarkObjects: 1.983700 ms  DeleteObjects: 0.074300 ms)

AssetImportParameters requested are different than current active one (requested -> active):
  custom:framework-win-MediaFoundation: 216162199b28c13a410421893ffa2e32 -> 
  custom:video-decoder-ogg-theora: a1e56fd34408186e4bbccfd4996cb3dc -> 
  custom:container-muxer-webm: aa71ff27fc2769a1b78a27578f13a17b -> 
  custom:container-demuxer-webm: 4f35f7cbe854078d1ac9338744f61a02 -> 
  custom:container-demuxer-ogg: 62fdf1f143b41e24485cea50d1cbac27 -> 
  custom:video-encoder-webm-vp8: eb34c28f22e8b96e1ab97ce403110664 -> 
  custom:video-codec-MediaFoundation-h265: 746d11721c4dcdbdad8f713fa42b33f4 -> 
  custom:video-decoder-webm-vp8: 9c59270c3fd7afecdb556c50c9e8de78 -> 
  custom:audio-decoder-ogg-vorbis: bf7c407c2cedff20999df2af8eb42d56 -> 
  custom:audio-encoder-webm-vorbis: bf7c407c2cedff20999df2af8eb42d56 -> 
========================================================================
Received Import Request.
  Time since last request: 1059.588367 seconds.
  path: Assets/vehicles/chiron/chiron.prefab
  artifactKey: Guid(50e25194909aaec438821f5576bb5f2e) Importer(815301076,1909f56bfc062723c751e8b465ee728b)
Start importing Assets/vehicles/chiron/chiron.prefab using Guid(50e25194909aaec438821f5576bb5f2e) Importer(815301076,1909f56bfc062723c751e8b465ee728b)  -> (artifact id: 'c1c260ad791c267699fb981c9d15129f') in 0.167803 seconds 
  Import took 0.490594 seconds .

========================================================================
Received Prepare
Registering precompiled user dll's ...
Registered in 0.005051 seconds.
Begin MonoManager ReloadAssembly
Native extension for WindowsStandalone target not found
Refreshing native plugins compatible for Editor in 0.69 ms, found 2 plugins.
Preloading 0 native plugins for Editor in 0.00 ms.
Mono: successfully reloaded assembly
- Completed reload, in  0.950 seconds
Domain Reload Profiling:
	ReloadAssembly (951ms)
		BeginReloadAssembly (126ms)
			ExecutionOrderSort (0ms)
			DisableScriptedObjects (4ms)
			BackupInstance (0ms)
			ReleaseScriptingObjects (0ms)
			CreateAndSetChildDomain (30ms)
		EndReloadAssembly (767ms)
			LoadAssemblies (106ms)
			RebuildTransferFunctionScriptingTraits (0ms)
			SetupTypeCache (260ms)
			ReleaseScriptCaches (1ms)
			RebuildScriptCaches (34ms)
			SetupLoadedEditorAssemblies (290ms)
				LogAssemblyErrors (0ms)
				InitializePlatformSupportModulesInManaged (5ms)
				SetLoadedEditorAssemblies (0ms)
				RefreshPlugins (1ms)
				BeforeProcessingInitializeOnLoad (91ms)
				ProcessInitializeOnLoadAttributes (187ms)
				ProcessInitializeOnLoadMethodAttributes (4ms)
				AfterProcessingInitializeOnLoad (2ms)
				EditorAssembliesLoaded (0ms)
			ExecutionOrderSort2 (0ms)
			AwakeInstancesAfterBackupRestoration (7ms)
Platform modules already initialized, skipping
Refreshing native plugins compatible for Editor in 0.86 ms, found 2 plugins.
Preloading 0 native plugins for Editor in 0.00 ms.
Unloading 1491 Unused Serialized files (Serialized files now loaded: 0)
System memory in use before: 168.2 MB.
System memory in use after: 168.3 MB.

Unloading 14 unused Assets to reduce memory usage. Loaded Objects now: 1991.
Total: 2.365900 ms (FindLiveObjects: 0.177900 ms CreateObjectMapping: 0.047500 ms MarkObjects: 2.062300 ms  DeleteObjects: 0.077300 ms)

AssetImportParameters requested are different than current active one (requested -> active):
  custom:framework-win-MediaFoundation: 216162199b28c13a410421893ffa2e32 -> 
  custom:video-decoder-ogg-theora: a1e56fd34408186e4bbccfd4996cb3dc -> 
  custom:container-muxer-webm: aa71ff27fc2769a1b78a27578f13a17b -> 
  custom:container-demuxer-webm: 4f35f7cbe854078d1ac9338744f61a02 -> 
  custom:container-demuxer-ogg: 62fdf1f143b41e24485cea50d1cbac27 -> 
  custom:video-encoder-webm-vp8: eb34c28f22e8b96e1ab97ce403110664 -> 
  custom:video-codec-MediaFoundation-h265: 746d11721c4dcdbdad8f713fa42b33f4 -> 
  custom:video-decoder-webm-vp8: 9c59270c3fd7afecdb556c50c9e8de78 -> 
  custom:audio-decoder-ogg-vorbis: bf7c407c2cedff20999df2af8eb42d56 -> 
  custom:audio-encoder-webm-vorbis: bf7c407c2cedff20999df2af8eb42d56 -> 
========================================================================
Received Import Request.
  Time since last request: 703.775089 seconds.
  path: Assets/vehicles/chiron/chiron.prefab
  artifactKey: Guid(50e25194909aaec438821f5576bb5f2e) Importer(815301076,1909f56bfc062723c751e8b465ee728b)
Start importing Assets/vehicles/chiron/chiron.prefab using Guid(50e25194909aaec438821f5576bb5f2e) Importer(815301076,1909f56bfc062723c751e8b465ee728b)  -> (artifact id: 'a82aa090b294d718704d9041584e4e29') in 0.161129 seconds 
  Import took 0.192095 seconds .

========================================================================
Received Import Request.
  Time since last request: 413.073664 seconds.
  path: Assets/vehicles/chiron/chiron.prefab
  artifactKey: Guid(50e25194909aaec438821f5576bb5f2e) Importer(815301076,1909f56bfc062723c751e8b465ee728b)
Start importing Assets/vehicles/chiron/chiron.prefab using Guid(50e25194909aaec438821f5576bb5f2e) Importer(815301076,1909f56bfc062723c751e8b465ee728b)  -> (artifact id: '1c25e3265a9f0a0552366a8a8fabfc29') in 0.074635 seconds 
  Import took 0.164959 seconds .

========================================================================
Received Import Request.
  Time since last request: 6.465794 seconds.
  path: Assets/vehicles/chiron/chiron.prefab
  artifactKey: Guid(50e25194909aaec438821f5576bb5f2e) Importer(815301076,1909f56bfc062723c751e8b465ee728b)
Start importing Assets/vehicles/chiron/chiron.prefab using Guid(50e25194909aaec438821f5576bb5f2e) Importer(815301076,1909f56bfc062723c751e8b465ee728b)  -> (artifact id: 'bf2ed9f68dae070f37a7d37c42eefa45') in 0.078496 seconds 
  Import took 0.202016 seconds .

========================================================================
Received Import Request.
  Time since last request: 435.337296 seconds.
  path: Assets/vehicles/chiron/chiron.prefab
  artifactKey: Guid(50e25194909aaec438821f5576bb5f2e) Importer(815301076,1909f56bfc062723c751e8b465ee728b)
Start importing Assets/vehicles/chiron/chiron.prefab using Guid(50e25194909aaec438821f5576bb5f2e) Importer(815301076,1909f56bfc062723c751e8b465ee728b)  -> (artifact id: '2c7181b56f586a885cb9fac20d73f79c') in 0.084110 seconds 
  Import took 0.414129 seconds .

========================================================================
Received Prepare
Registering precompiled user dll's ...
Registered in 0.004891 seconds.
Begin MonoManager ReloadAssembly
Native extension for WindowsStandalone target not found
Refreshing native plugins compatible for Editor in 0.77 ms, found 2 plugins.
Preloading 0 native plugins for Editor in 0.00 ms.
Mono: successfully reloaded assembly
- Completed reload, in  0.907 seconds
Domain Reload Profiling:
	ReloadAssembly (907ms)
		BeginReloadAssembly (124ms)
			ExecutionOrderSort (0ms)
			DisableScriptedObjects (4ms)
			BackupInstance (0ms)
			ReleaseScriptingObjects (0ms)
			CreateAndSetChildDomain (31ms)
		EndReloadAssembly (730ms)
			LoadAssemblies (107ms)
			RebuildTransferFunctionScriptingTraits (0ms)
			SetupTypeCache (262ms)
			ReleaseScriptCaches (1ms)
			RebuildScriptCaches (35ms)
			SetupLoadedEditorAssemblies (262ms)
				LogAssemblyErrors (0ms)
				InitializePlatformSupportModulesInManaged (5ms)
				SetLoadedEditorAssemblies (0ms)
				RefreshPlugins (1ms)
				BeforeProcessingInitializeOnLoad (71ms)
				ProcessInitializeOnLoadAttributes (179ms)
				ProcessInitializeOnLoadMethodAttributes (4ms)
				AfterProcessingInitializeOnLoad (2ms)
				EditorAssembliesLoaded (0ms)
			ExecutionOrderSort2 (0ms)
			AwakeInstancesAfterBackupRestoration (6ms)
Platform modules already initialized, skipping
Refreshing native plugins compatible for Editor in 0.69 ms, found 2 plugins.
Preloading 0 native plugins for Editor in 0.00 ms.
Unloading 1491 Unused Serialized files (Serialized files now loaded: 0)
System memory in use before: 168.3 MB.
System memory in use after: 168.3 MB.

Unloading 14 unused Assets to reduce memory usage. Loaded Objects now: 1995.
Total: 2.188700 ms (FindLiveObjects: 0.156300 ms CreateObjectMapping: 0.043800 ms MarkObjects: 1.923300 ms  DeleteObjects: 0.064400 ms)

AssetImportParameters requested are different than current active one (requested -> active):
  custom:framework-win-MediaFoundation: 216162199b28c13a410421893ffa2e32 -> 
  custom:video-decoder-ogg-theora: a1e56fd34408186e4bbccfd4996cb3dc -> 
  custom:container-muxer-webm: aa71ff27fc2769a1b78a27578f13a17b -> 
  custom:container-demuxer-webm: 4f35f7cbe854078d1ac9338744f61a02 -> 
  custom:container-demuxer-ogg: 62fdf1f143b41e24485cea50d1cbac27 -> 
  custom:video-encoder-webm-vp8: eb34c28f22e8b96e1ab97ce403110664 -> 
  custom:video-codec-MediaFoundation-h265: 746d11721c4dcdbdad8f713fa42b33f4 -> 
  custom:video-decoder-webm-vp8: 9c59270c3fd7afecdb556c50c9e8de78 -> 
  custom:audio-decoder-ogg-vorbis: bf7c407c2cedff20999df2af8eb42d56 -> 
  custom:audio-encoder-webm-vorbis: bf7c407c2cedff20999df2af8eb42d56 -> 
AssetImportWorkerClient::OnTransportError - code=2 error=End of file
